0001   0000             VAR1	equ	00030h
0002   0000             VAR2	EQU	00032h
0003   0000             VAR3	EQU	00034h
0004   0000             
0005   0000 21 0A 0E    	LD 	HL,00E0Ah
0006   0003 22 30 00    	LD	(VAR1),HL
0007   0006 21 01 01    	LD 	HL,00101h
0008   0009 22 32 00    	LD	(VAR2),HL
0009   000C             	
0010   000C 11 30 00    	LD	DE,VAR1
0011   000F 21 32 00    	LD	HL,VAR2
0012   0012 06 02       	LD	B,2
0013   0014 B7          	OR	A	
0014   0015 1A          CICLO:	LD	A,(DE)
0015   0016 8E          	ADC	A,(HL)
0016   0017 77          	LD	(HL),A
0017   0018 13          	INC	DE
0018   0019 23          	INC	HL
0019   001A 10 F9       	DJNZ	CICLO
0020   001C             	END	
Number of errors = 0
