0001   0000             VAR1	.equ	00010h
0002   0000             VAR2	EQU	00014h
0003   0000             VAR3	.EQU	00018h
0004   0000             
0005   0000 C3 50 00    	JP	Inicio
0006   0003             	org 	00050h	
0007   0050             	
0008   0050 11 10 00    Inicio:	LD	DE,VAR1
0009   0053 21 14 00    	LD	HL,VAR2
0010   0056 CD 6B 00    	CALL	Suma32
0011   0059 C3 79 00    	JP	FIN
0012   005C             	
0013   005C 06 01       Suma8:	LD	B,1
0014   005E C3 70 00    	JP	Suma_	
0015   0061 06 02       Suma16:	LD	B,2
0016   0063 C3 70 00    	JP	Suma_
0017   0066 06 03       Suma24:	LD	B,3
0018   0068 C3 70 00    	JP	Suma_	
0019   006B 06 04       Suma32:	LD	B,4
0020   006D C3 70 00    	JP	Suma_
0021   0070             		
0022   0070 B7          Suma_:	OR	A
0023   0071             	
0024   0071 1A          CICLO:	LD	A,(DE)
0025   0072 8E          	ADC	A,(HL)
0026   0073 77          	LD	(HL),A
0027   0074 13          	INC	DE
0028   0075 23          	INC	HL
0029   0076 10 F9       	DJNZ	CICLO
0030   0078 C9          	RET
0031   0079             	
0032   0079             FIN:	.END	
Number of errors = 0
