0001   0000             ;============================================
0002   0000             ;**Universidad Autonoma de San Luis Potosi**
0003   0000             ;*******************************************
0004   0000             ;**********Facultad de Ingeniería***********
0005   0000             ;*******************************************
0006   0000             ;============================================
0007   0000             ;Autor: Alfredo Orozco de la Paz
0008   0000             ;Materia: Electronica B
0009   0000             ;
0010   0000             ;
0011   0000             ;Programa de corrimientos con el
0012   0000             ;PPI
0013   0000             ;
0014   0000             ;PA -> Salida
0015   0000             ;PB <- Entrada
0016   0000             ;PC ->Salida
0017   0000             ;Palabra de control: 82h
0018   0000             ;=============================================
0019   0000             
0020   0000             PCTRL	EQU	82h
0021   0000             PA	EQU	00h
0022   0000             PB	EQU	01h
0023   0000             PC	EQU	02h
0024   0000             PGRM	EQU	03h
0025   0000             
0026   0000             
0027   0000 3E 82       INICIO:	LD	A,PCTRL
0028   0002 D3 03       	OUT	(PGRM),A
0029   0004 DB 01       CARGA:	IN	A,(PB)
0030   0006 CB 27       CICLO:	SLA	A
0031   0008 D3 00       	OUT	(PA),A
0032   000A C2 06 00    	JP	NZ,CICLO
0033   000D C3 04 00    	JP	CARGA
0034   0010             	END
Number of errors = 0
