0001   0000             ;**Universidad Autonoma de San Luis Potosi**
0002   0000             ;*******************************************
0003   0000             ;**********Facultad de Ingeniería***********
0004   0000             ;*******************************************
0005   0000             ;
0006   0000             ;=======================================================
0007   0000             ;Autor: Alfredo Orozco de la Paz
0008   0000             ;Materia: Electronica B
0009   0000             ;
0010   0000             ;
0011   0000             ;Programa que lee el teclado matricial
0012   0000             ;conectado al PC Bajo, con el circuito
0013   0000             ;74C922, y muestra la tecla presionada en 
0014   0000             ;un display de cristal liquido LCD
0015   0000             ;
0016   0000             ;PC -> Salida (Bus de control del Display LCD)
0017   0000             ;PB -> Salida (Bus de datos del Display LCD)
0018   0000             ;PA <- Entrada (Al las salidas del circuito de teclado)
0019   0000             ;  PA0  PA1  PA2  PA3  PA4  PA5  PA6  PA7
0020   0000             ;   nc   nc  nc   DD   D0   D1   D2   D3
0021   0000             ;
0022   0000             ;  DD = Dato Disponible
0023   0000             ;
0024   0000             ;  Palabra de control: 90h
0025   0000             ;=======================================================
0026   0000             
0027   0000             		chars  .EQU 6000h ;variable que sirve como contador de
0028   0000             				  ;caracteres.
0029   0000             
0030   0000             		ORG   0000h		
0031   0000 31 FF 67    PGRMPPI:	LD    SP,67FFh  ;Inicializamos el Stack Pointer
0032   0003 3E 90       		LD    A,090h    ;Se carga la palabra de control para el PPI
0033   0005 D3 03       		OUT   (03h),A	;Se programa el PPI
0034   0007 3E 00       		LD    A,00h	;Se incializa el contador de caracteres a 0
0035   0009 32 00 60    		LD    (chars),A
0036   000C             
0037   000C             ;Subrutina para programar el LCD
0038   000C 3E 38       PGRMLCD:	LD    A,38H
0039   000E D3 01       		OUT   (01H),A
0040   0010 CD 74 00    		CALL  CONTROL1
0041   0013 3E 06       		LD    A,06H
0042   0015 D3 01       		OUT   (01H),A
0043   0017 CD 74 00    		CALL  CONTROL1
0044   001A 3E 0F       		LD    A,0FH
0045   001C D3 01       		OUT   (01H),A
0046   001E CD 74 00    		CALL  CONTROL1		
0047   0021 3E 80       		LD    A,80H
0048   0023 D3 01       		OUT   (01H),A
0049   0025 CD 74 00    		CALL  CONTROL1
0050   0028 3E 01       		LD    A,01H
0051   002A D3 01       		OUT   (01H),A
0052   002C CD 74 00    		CALL  CONTROL1		
0053   002F             		
0054   002F DB 00       INICIO:		IN    A,(00h)
0055   0031 CB 5F       		BIT   3,A
0056   0033 CA 2F 00    		JP    Z,INICIO
0057   0036 5F          		LD    E,A
0058   0037 DB 00       SOLTAR:		IN    A,(00h)
0059   0039 CB 5F       		BIT   3,A
0060   003B C2 37 00    		JP    NZ,SOLTAR
0061   003E 7B          		LD    A,E
0062   003F E6 F0       		AND   0F0h
0063   0041 CB 3F       		SRL   A
0064   0043 CB 3F       		SRL   A
0065   0045 CB 3F       		SRL   A
0066   0047 CB 3F       		SRL   A
0067   0049 21 B6 00    		LD    HL,TABLALCD
0068   004C 5F          		LD    E,A
0069   004D 16 00       		LD    D,0
0070   004F 19          		ADD   HL,DE
0071   0050 CD 56 00    		CALL  WRLCD
0072   0053 C3 2F 00    		JP    INICIO
0073   0056             		
0074   0056             		
0075   0056             ;Subrutina que escribe un caracter en en LCD
0076   0056             ;el caracter esta contenido en la direccion
0077   0056             ;apuntada por HL.
0078   0056 7E          WRLCD:		LD    A,(HL)
0079   0057 D3 01       		OUT   (01h),A
0080   0059 CD 8A 00    		CALL  CONTROL2
0081   005C 3A 00 60    		LD    A,(chars)
0082   005F 3C          		INC   A
0083   0060 FE 10       		CP    10H
0084   0062 CC 6A 00    		CALL  Z,REINICIALINEA
0085   0065 32 00 60    		LD   (chars),A	
0086   0068 C9          		RET				
0087   0069 76          		HALT
0088   006A             
0089   006A             ;Subrutina que regresa el cursor a la primera posicion
0090   006A             ;del renglon 1.
0091   006A 3E 80       REINICIALINEA:	LD    A,80H
0092   006C D3 01       		OUT   (01H),A
0093   006E CD 74 00    		CALL  CONTROL1
0094   0071 3E 00       		LD    A,0		
0095   0073 C9          		RET
0096   0074             
0097   0074             ;Subrutina que activa las señales para escribir una
0098   0074             ;palabra de control en el LCD		
0099   0074 3E 00       CONTROL1:	LD	A,00h
0100   0076 D3 02       		OUT	(02h),A
0101   0078 CD A0 00    		CALL	ESPERA
0102   007B 3E 04       		LD	A,04h
0103   007D D3 02       		OUT	(02h),A
0104   007F CD A0 00    		CALL	ESPERA
0105   0082 3E 00       		LD	A,00h
0106   0084 D3 02       		OUT	(02h),A
0107   0086 CD A0 00    		CALL	ESPERA
0108   0089 C9          		RET
0109   008A             		
0110   008A             ;Subrutina que activa las señales para escribir
0111   008A             ;un caracter en el LCD
0112   008A 3E 02       CONTROL2:	LD	A,02h
0113   008C D3 02       		OUT	(02h),A
0114   008E CD A0 00    		CALL	ESPERA
0115   0091 3E 06       		LD	A,06h
0116   0093 D3 02       		OUT	(02h),A
0117   0095 CD A0 00    		CALL	ESPERA
0118   0098 3E 02       		LD	A,02h
0119   009A D3 02       		OUT	(02h),A
0120   009C CD A0 00    		CALL	ESPERA
0121   009F C9          		RET
0122   00A0             
0123   00A0             ;Subrutina que demora 2ms, para escribir palabras de 
0124   00A0             ;control y caracteres en el LCD
0125   00A0 16 02       ESPERA: 	LD   D,02H
0126   00A2 D5          		PUSH DE 	;guardamos el par de reigstros DE en la pila
0127   00A3 D9          		EXX		;Respaldamos todos los registros, en los
0128   00A4             				;registros complementarios.	
0129   00A4 08          		EX  AF,AF'	;guardamos el registro A y el registro de banderas
0130   00A5             				;en los registros A' y F'.
0131   00A5 D1          		POP DE		;restauramos los registros DE, sacandolo de la pila
0132   00A6 01 67 00    CICLO:		LD  BC,0067h	;cargamos BC con 0067h, para demorar 1ms
0133   00A9 0B          CICLO2:		DEC BC		;decrementamos BC
0134   00AA 79          		LD  A,C		;cargamos C en A para para compara si BC es 0
0135   00AB B0          		OR  B		;comparamos a con B
0136   00AC C2 A9 00    		JP  NZ,CICLO2	;si no es cero, saltamos a ciclo 2;
0137   00AF 15          		DEC D		;decrementamos D (contador de milisegundos)
0138   00B0 C2 A6 00    		JP  NZ,CICLO	;si no es cero, saltamos a ciclo1
0139   00B3 08          		EX  AF,AF'	;restauramos el acumulador y el registro de
0140   00B4             				;banderas
0141   00B4 D9          		EXX		;restauramos todos los registros guardados en
0142   00B5             				;los registros complementariso.
0143   00B5 C9          		RET		;retorno de la subrutina.
0144   00B6             		
0145   00B6             		
0146   00B6             ;Tabla con los caracteres que se mostraran en el LCD
0147   00B6             ;dependiendo de la tecla que se haya presionado
0148   00B6             TABLALCD:	
0149   00B6 31          		DEFB   "1"  ;1
0150   00B7 32          		DEFB   "2"  ;2
0151   00B8 33          		DEFB   "3"  ;3
0152   00B9 41          		DEFB   "A"  ;A
0153   00BA 34          		DEFB   "4"  ;4
0154   00BB 35          		DEFB   "5"  ;5
0155   00BC 36          		DEFB   "6"  ;6
0156   00BD 42          		DEFB   "B"  ;B
0157   00BE 37          		DEFB   "7"  ;7
0158   00BF 38          		DEFB   "8"  ;8
0159   00C0 39          		DEFB   "9"  ;9
0160   00C1 43          		DEFB   "C"  ;C	
0161   00C2 2A          		DEFB   "*"  ;*
0162   00C3 30          		DEFB   "0"  ;0
0163   00C4 23          		DEFB   "#"  ;#			
0164   00C5 44          		DEFB   "D"  ;D
0165   00C6 2D          		DEFB   "-"  ;guion	
0166   00C7             		END		
Number of errors = 0
