0001   0000             ;
0002   0000             ;
0003   0000             ;Programa para Probar el PPI en el Z80
0004   0000             ;El programa lee el Puerto B del PPI y almacena
0005   0000             ;el dato leido en el registro A, luego desplaza
0006   0000             ;el registro A una posicion a la izquierda y
0007   0000             ;por ultimo envia el dato rotado al Puerto A
0008   0000             ;
0009   0000             ;PA = 00h
0010   0000             ;PB = 01h
0011   0000             ;PC = 02h
0012   0000             ;PCTLR= 03h
0013   0000             ;
0014   0000             
0015   0000 3E 82       Inicio:	LD		A,082h		; Se carga en el acumulador la palabra de control para el PPI.
0016   0002 D3 03       		OUT	(03h),A		; Se escribe la palabra de control en el puerto 03h.
0017   0004 DB 01       Ciclo:	IN		A,(01h)		; Leemos el PB y guardamos su contenido en el acumulador.
0018   0006 CB 27       		SLA	A		; El dato leído se desplaza  una posición a la izquierda.
0019   0008 D3 00       		OUT	(00h),A		; Sacamos por PA el dato desplazado.
0020   000A C3 04 00    		JP	Ciclo		; Saltamos a la etiqueta Ciclo, se  repite el proceso indefinidamente.
0021   000D             		END			; Fin del programa.
Number of errors = 0
