0001   0000             ;**Universidad Autonoma de San Luis Potosi**
0002   0000             ;*******************************************
0003   0000             ;**********Facultad de Ingeniería***********
0004   0000             ;*******************************************
0005   0000             ;
0006   0000             ;=======================================================
0007   0000             ;Autor: Alfredo Orozco de la Paz
0008   0000             ;Materia: Electronica B
0009   0000             ;
0010   0000             ;
0011   0000             ;Programa que lee el teclado matricial
0012   0000             ;conectado al PC Bajo, con el circuito
0013   0000             ;74C922, y muestra la tecla presionada en 
0014   0000             ;un display de cristal liquido LCD
0015   0000             ;
0016   0000             ;PC -> Salida (Bus de control del Display LCD)
0017   0000             ;PB -> Salida (Bus de datos del Display LCD)
0018   0000             ;PA <- Entrada (Al las salidas del circuito de teclado)
0019   0000             ;  PA0  PA1  PA2  PA3  PA4  PA5  PA6  PA7
0020   0000             ;   nc   nc  nc   DD   D0   D1   D2   D3
0021   0000             ;
0022   0000             ;  DD = Dato Disponible
0023   0000             ;  D0-D3 = Codigo de la tecla
0024   0000             ;
0025   0000             ;  Palabra de control: 90h
0026   0000             ;
0027   0000             ;
0028   0000             ;Reloj usado 2MHz
0029   0000             ;
0030   0000             ;Velocidad       Divisor de baudaje
0031   0000             ;  2400            0034h  
0032   0000             ;  4800		   001Ah
0033   0000             ;  9600		   000Dh
0034   0000             ;=======================================================
0035   0000             
0036   0000             		chars  .EQU 6000h ;variable que sirve como contador de
0037   0000             				  ;caracteres.
0038   0000             	        recibido .equ 6001h
0039   0000             		dato     .equ 6003h
0040   0000             
0041   0000             
0042   0000             		ORG   0000h
0043   0000             		;Rutina para programar la UART
0044   0000 3E 80       PGRMUART:	LD    A,80h
0045   0002 D3 A3       		OUT   (0A3h),A
0046   0004 3E 34       		LD    A,34h	;Divisor de baudaje bajo a 2400b
0047   0006 D3 A0       		OUT   (0A0h),A
0048   0008 3E 00       		LD    A,00h	;Divisor de baudaje alto
0049   000A D3 A1       		OUT   (0A1h),A
0050   000C 3E 03       		LD    A,03h	;8bits de dato, 1 bit stop, sin paridad.
0051   000E D3 A3       		OUT   (0A3h),A
0052   0010 3E 01       		LD    A,01h	;Se programa la interrupcion de la UART
0053   0012 D3 A1       		OUT   (0A1h),A	;por dato recibido.
0054   0014 C3 74 00    		JP    PGRMPPI
0055   0017             		
0056   0017             ;Rutina de servicio de interrupcion No Enmascarable
0057   0017             ;Se ejecuta cuando se recibe un dato a la UART, lo
0058   0017             ;lee y lo muestra en el display.
0059   0017             		org   66h
0060   0066 D9          NMI-UART:	EXX
0061   0067 08          		EX    AF,AF'
0062   0068 DB A0       		IN    A,(0A0h)
0063   006A CD FA 00    		CALL  WRUART
0064   006D CD E7 00    	        CALL  WRLCD
0065   0070 08          		EX    AF,AF'
0066   0071 D9          		EXX
0067   0072 ED 45       		RETN
0068   0074             
0069   0074             				
0070   0074             ;Rutina para programar el PPI		
0071   0074 31 FF 67    PGRMPPI:	LD    SP,67FFh  ;Inicializamos el Stack Pointer
0072   0077 3E 80       		LD    A,080h    ;Se carga la palabra de control para el PPI
0073   0079 D3 03       		OUT   (03h),A	;Se programa el PPI
0074   007B 3E 00       		LD    A,00h	;Se incializa el contador de caracteres a 0
0075   007D 32 00 60    		LD    (chars),A
0076   0080 3E FF       		LD    A,0FFH
0077   0082 D3 00       		OUT   (00H),A
0078   0084             		
0079   0084             
0080   0084             	
0081   0084             ;Subrutina para programar el LCD
0082   0084 3E 38       PGRMLCD:	LD    A,38H
0083   0086 D3 01       		OUT   (01H),A
0084   0088 CD 07 01    		CALL  CONTROL1
0085   008B 3E 06       		LD    A,06H
0086   008D D3 01       		OUT   (01H),A
0087   008F CD 07 01    		CALL  CONTROL1
0088   0092 3E 0F       		LD    A,0FH
0089   0094 D3 01       		OUT   (01H),A
0090   0096 CD 07 01    		CALL  CONTROL1		
0091   0099 3E 80       		LD    A,80H
0092   009B D3 01       		OUT   (01H),A
0093   009D CD 07 01    		CALL  CONTROL1
0094   00A0 3E 01       		LD    A,01H
0095   00A2 D3 01       		OUT   (01H),A
0096   00A4 CD 07 01    		CALL  CONTROL1	
0097   00A7             		
0098   00A7 3E 48       		LD    A,'H'
0099   00A9 CD E7 00    		CALL  WRLCD
0100   00AC 3E 4F       		LD    A,'O'
0101   00AE CD E7 00    		CALL  WRLCD
0102   00B1 3E 4C       		LD    A,'L'
0103   00B3 CD E7 00    		CALL  WRLCD
0104   00B6 3E 41       		LD    A,'A'
0105   00B8 CD E7 00    		CALL  WRLCD
0106   00BB             
0107   00BB C3 BE 00    		JP    INICIO
0108   00BE             		
0109   00BE             ;****************************************************
0110   00BE             ;Programa Principal
0111   00BE DB 00       INICIO:		IN    A,(00h)
0112   00C0 CB 5F       		BIT   3,A
0113   00C2 C4 C8 00    		CALL  NZ,ENVIATECLA
0114   00C5 C3 BE 00    		JP    INICIO
0115   00C8             ;****************************************************
0116   00C8             
0117   00C8             		
0118   00C8 5F          ENVIATECLA:	LD    E,A
0119   00C9 DB 00       SOLTAR:		IN    A,(00h)
0120   00CB CB 5F       		BIT   3,A
0121   00CD C2 C9 00    		JP    NZ,SOLTAR
0122   00D0 7B          		LD    A,E
0123   00D1 E6 F0       		AND   0F0h
0124   00D3 CB 3F       		SRL   A
0125   00D5 CB 3F       		SRL   A
0126   00D7 CB 3F       		SRL   A
0127   00D9 CB 3F       		SRL   A
0128   00DB 21 49 01    		LD    HL,TABLALCD
0129   00DE 5F          		LD    E,A
0130   00DF 16 00       		LD    D,0
0131   00E1 19          		ADD   HL,DE
0132   00E2 7E          		LD    A,(HL)
0133   00E3 CD FA 00    		CALL  WRUART
0134   00E6 C9          		RET
0135   00E7             
0136   00E7             		
0137   00E7             		
0138   00E7             ;Subrutina que escribe un caracter en en LCD
0139   00E7             ;el caracter esta contenido en la localidad
0140   00E7             ;de memoria apuntada por HL.
0141   00E7 D3 01       WRLCD:		OUT   (01h),A
0142   00E9 CD 1D 01    		CALL  CONTROL2
0143   00EC 3A 00 60    		LD    A,(chars)
0144   00EF 3C          		INC   A
0145   00F0 FE 10       		CP    10H
0146   00F2 CC FD 00    		CALL  Z,REINICIALINEA
0147   00F5 32 00 60    		LD   (chars),A	
0148   00F8 C9          		RET				
0149   00F9 76          		HALT
0150   00FA             ;Subrturina que envia un dato a la uart para enviarlo
0151   00FA             ;por el puerto serie
0152   00FA D3 A0       WRUART:		OUT   (0A0h),A
0153   00FC C9          		RET
0154   00FD             
0155   00FD             ;Subrutina que regresa el cursor a la primera posicion
0156   00FD             ;del renglon 1.
0157   00FD 3E 80       REINICIALINEA:	LD    A,80H
0158   00FF D3 01       		OUT   (01H),A
0159   0101 CD 07 01    		CALL  CONTROL1
0160   0104 3E 00       		LD    A,0		
0161   0106 C9          		RET
0162   0107             
0163   0107             ;Subrutina que activa las señales para escribir una
0164   0107             ;palabra de control en el LCD		
0165   0107 3E 00       CONTROL1:	LD	A,00h
0166   0109 D3 02       		OUT	(02h),A
0167   010B CD 33 01    		CALL	ESPERA
0168   010E 3E 04       		LD	A,04h
0169   0110 D3 02       		OUT	(02h),A
0170   0112 CD 33 01    		CALL	ESPERA
0171   0115 3E 00       		LD	A,00h
0172   0117 D3 02       		OUT	(02h),A
0173   0119 CD 33 01    		CALL	ESPERA
0174   011C C9          		RET
0175   011D             		
0176   011D             ;Subrutina que activa las señales para escribir
0177   011D             ;un caracter en el LCD
0178   011D 3E 02       CONTROL2:	LD	A,02h
0179   011F D3 02       		OUT	(02h),A
0180   0121 CD 33 01    		CALL	ESPERA
0181   0124 3E 06       		LD	A,06h
0182   0126 D3 02       		OUT	(02h),A
0183   0128 CD 33 01    		CALL	ESPERA
0184   012B 3E 02       		LD	A,02h
0185   012D D3 02       		OUT	(02h),A
0186   012F CD 33 01    		CALL	ESPERA
0187   0132 C9          		RET
0188   0133             
0189   0133             ;Subrutina que demora 2ms, para escribir palabras de 
0190   0133             ;control y caracteres en el LCD
0191   0133 16 02       ESPERA: 	LD   D,02H
0192   0135 D5          		PUSH DE 	;guardamos el par de reigstros DE en la pila
0193   0136 D9          		EXX		;Respaldamos todos los registros, en los
0194   0137             				;registros complementarios.	
0195   0137 08          		EX  AF,AF'	;guardamos el registro A y el registro de banderas
0196   0138             				;en los registros A' y F'.
0197   0138 D1          		POP DE		;restauramos los registros DE, sacandolo de la pila
0198   0139 01 67 00    CICLO:		LD  BC,0067h	;cargamos BC con 0067h, para demorar 1ms
0199   013C 0B          CICLO2:		DEC BC		;decrementamos BC
0200   013D 79          		LD  A,C		;cargamos C en A para para compara si BC es 0
0201   013E B0          		OR  B		;comparamos a con B
0202   013F C2 3C 01    		JP  NZ,CICLO2	;si no es cero, saltamos a ciclo 2;
0203   0142 15          		DEC D		;decrementamos D (contador de milisegundos)
0204   0143 C2 39 01    		JP  NZ,CICLO	;si no es cero, saltamos a ciclo1
0205   0146 08          		EX  AF,AF'	;restauramos el acumulador y el registro de
0206   0147             				;banderas
0207   0147 D9          		EXX		;restauramos todos los registros guardados en
0208   0148             				;los registros complementariso.
0209   0148 C9          		RET		;retorno de la subrutina.
0210   0149             		
0211   0149             		
0212   0149             ;Tabla con los caracteres que se mostraran en el LCD
0213   0149             ;dependiendo de la tecla que se haya presionado
0214   0149             TABLALCD:	
0215   0149 31          		DEFB   "1"  ;1
0216   014A 32          		DEFB   "2"  ;2
0217   014B 33          		DEFB   "3"  ;3
0218   014C 41          		DEFB   "A"  ;A
0219   014D 34          		DEFB   "4"  ;4
0220   014E 35          		DEFB   "5"  ;5
0221   014F 36          		DEFB   "6"  ;6
0222   0150 42          		DEFB   "B"  ;B
0223   0151 37          		DEFB   "7"  ;7
0224   0152 38          		DEFB   "8"  ;8
0225   0153 39          		DEFB   "9"  ;9
0226   0154 43          		DEFB   "C"  ;C	
0227   0155 2A          		DEFB   "*"  ;*
0228   0156 30          		DEFB   "0"  ;0
0229   0157 23          		DEFB   "#"  ;#			
0230   0158 44          		DEFB   "D"  ;D
0231   0159 2D          		DEFB   "-"  ;guion	
0232   015A             		END		
Number of errors = 0
